<?xml version="1.0" encoding="UTF-8"?>
<testng-results ignored="0" total="5" passed="3" failed="0" skipped="2">
  <reporter-output>
  </reporter-output>
  <suite started-at="2025-04-09T22:16:26 IST" name="Suite" finished-at="2025-04-09T22:17:42 IST" duration-ms="76614">
    <groups>
    </groups>
    <test started-at="2025-04-09T22:16:26 IST" name="Test" finished-at="2025-04-09T22:17:42 IST" duration-ms="76614">
      <class name="com.companyname.projectname.modulename.testcases.LoginUserWithCorrectEmailAndPassword">
        <test-method is-config="true" signature="beforeTestCase()[pri:0, instance:com.companyname.projectname.modulename.testcases.LoginUserWithCorrectEmailAndPassword@595b007d]" started-at="2025-04-09T22:17:24 IST" name="beforeTestCase" finished-at="2025-04-09T22:17:24 IST" duration-ms="0" status="SKIP">
          <exception class="org.testng.SkipException">
            <message>
              <![CDATA[Skipping Test case as it's RunMode is set to No]]>
            </message>
            <full-stacktrace>
              <![CDATA[org.testng.SkipException: Skipping Test case as it's RunMode is set to No
at com.companyname.projectname.modulename.testcases.LoginUserWithCorrectEmailAndPassword.beforeTestCase(LoginUserWithCorrectEmailAndPassword.java:20)
at java.base/jdk.internal.reflect.NativeMethodAccessorImpl.invoke0(Native Method)
at java.base/jdk.internal.reflect.NativeMethodAccessorImpl.invoke(NativeMethodAccessorImpl.java:77)
at java.base/jdk.internal.reflect.DelegatingMethodAccessorImpl.invoke(DelegatingMethodAccessorImpl.java:43)
at java.base/java.lang.reflect.Method.invoke(Method.java:568)
at org.testng.internal.invokers.MethodInvocationHelper.invokeMethod(MethodInvocationHelper.java:141)
at org.testng.internal.invokers.MethodInvocationHelper.invokeMethodConsideringTimeout(MethodInvocationHelper.java:71)
at org.testng.internal.invokers.ConfigInvoker.invokeConfigurationMethod(ConfigInvoker.java:400)
at org.testng.internal.invokers.ConfigInvoker.invokeConfigurations(ConfigInvoker.java:333)
at org.testng.internal.invokers.TestMethodWorker.invokeBeforeClassMethods(TestMethodWorker.java:188)
at org.testng.internal.invokers.TestMethodWorker.run(TestMethodWorker.java:128)
at java.base/java.util.ArrayList.forEach(ArrayList.java:1511)
at org.testng.TestRunner.privateRun(TestRunner.java:739)
at org.testng.TestRunner.run(TestRunner.java:614)
at org.testng.SuiteRunner.runTest(SuiteRunner.java:421)
at org.testng.SuiteRunner.runSequentially(SuiteRunner.java:413)
at org.testng.SuiteRunner.privateRun(SuiteRunner.java:373)
at org.testng.SuiteRunner.run(SuiteRunner.java:312)
at org.testng.SuiteRunnerWorker.runSuite(SuiteRunnerWorker.java:52)
at org.testng.SuiteRunnerWorker.run(SuiteRunnerWorker.java:95)
at org.testng.TestNG.runSuitesSequentially(TestNG.java:1274)
at org.testng.TestNG.runSuitesLocally(TestNG.java:1208)
at org.testng.TestNG.runSuites(TestNG.java:1112)
at org.testng.TestNG.run(TestNG.java:1079)
at org.apache.maven.surefire.testng.TestNGExecutor.run(TestNGExecutor.java:308)
at org.apache.maven.surefire.testng.TestNGXmlTestSuite.execute(TestNGXmlTestSuite.java:71)
at org.apache.maven.surefire.testng.TestNGProvider.invoke(TestNGProvider.java:113)
at org.apache.maven.surefire.booter.ForkedBooter.runSuitesInProcess(ForkedBooter.java:385)
at org.apache.maven.surefire.booter.ForkedBooter.execute(ForkedBooter.java:162)
at org.apache.maven.surefire.booter.ForkedBooter.run(ForkedBooter.java:507)
at org.apache.maven.surefire.booter.ForkedBooter.main(ForkedBooter.java:495)
]]>
            </full-stacktrace>
          </exception> <!-- org.testng.SkipException -->
          <reporter-output>
          </reporter-output>
        </test-method> <!-- beforeTestCase -->
        <test-method is-config="true" signature="launchBrowser()[pri:0, instance:com.companyname.projectname.modulename.testcases.LoginUserWithCorrectEmailAndPassword@595b007d]" started-at="2025-04-09T22:17:24 IST" name="launchBrowser" finished-at="2025-04-09T22:17:24 IST" duration-ms="0" status="SKIP">
          <reporter-output>
          </reporter-output>
        </test-method> <!-- launchBrowser -->
        <test-method signature="loginUserWithCorrectEmailAndPassword(java.util.Hashtable)[pri:0, instance:com.companyname.projectname.modulename.testcases.LoginUserWithCorrectEmailAndPassword@595b007d]" started-at="2025-04-09T22:17:24 IST" name="loginUserWithCorrectEmailAndPassword" data-provider="dataCollection" finished-at="2025-04-09T22:17:24 IST" duration-ms="0" status="SKIP">
          <params>
            <param index="0">
              <value>
                <![CDATA[{Accnt_Page_Text=Logged in as BYMAT_Automation, Day=NA, Password=password@2024, Page_Title=Automation Exercise, Month=Na, Last_Name=Ketul_LN, Test_Case_Name=LoginUserWithCorrectEmailAndPassword, Mobile_No=, UserName=Ketul_UsrName, Page_Text=ENTER ACCOUNT INFORMATION, Sign_up_Text=Login to your account, First_Name =NA, Year=NA, Company=NA, First_Name=Ketul, Address=NA, Email=bymatAutomation@gmail.com, Last_name=NA, =}]]>
              </value>
            </param>
          </params>
          <exception class="org.testng.SkipException">
            <message>
              <![CDATA[Skipping Test case as it's RunMode is set to No]]>
            </message>
            <full-stacktrace>
              <![CDATA[org.testng.SkipException: Skipping Test case as it's RunMode is set to No
at com.companyname.projectname.modulename.testcases.LoginUserWithCorrectEmailAndPassword.beforeTestCase(LoginUserWithCorrectEmailAndPassword.java:20)
at java.base/jdk.internal.reflect.NativeMethodAccessorImpl.invoke0(Native Method)
at java.base/jdk.internal.reflect.NativeMethodAccessorImpl.invoke(NativeMethodAccessorImpl.java:77)
at java.base/jdk.internal.reflect.DelegatingMethodAccessorImpl.invoke(DelegatingMethodAccessorImpl.java:43)
at java.base/java.lang.reflect.Method.invoke(Method.java:568)
at org.testng.internal.invokers.MethodInvocationHelper.invokeMethod(MethodInvocationHelper.java:141)
at org.testng.internal.invokers.MethodInvocationHelper.invokeMethodConsideringTimeout(MethodInvocationHelper.java:71)
at org.testng.internal.invokers.ConfigInvoker.invokeConfigurationMethod(ConfigInvoker.java:400)
at org.testng.internal.invokers.ConfigInvoker.invokeConfigurations(ConfigInvoker.java:333)
at org.testng.internal.invokers.TestMethodWorker.invokeBeforeClassMethods(TestMethodWorker.java:188)
at org.testng.internal.invokers.TestMethodWorker.run(TestMethodWorker.java:128)
at java.base/java.util.ArrayList.forEach(ArrayList.java:1511)
at org.testng.TestRunner.privateRun(TestRunner.java:739)
at org.testng.TestRunner.run(TestRunner.java:614)
at org.testng.SuiteRunner.runTest(SuiteRunner.java:421)
at org.testng.SuiteRunner.runSequentially(SuiteRunner.java:413)
at org.testng.SuiteRunner.privateRun(SuiteRunner.java:373)
at org.testng.SuiteRunner.run(SuiteRunner.java:312)
at org.testng.SuiteRunnerWorker.runSuite(SuiteRunnerWorker.java:52)
at org.testng.SuiteRunnerWorker.run(SuiteRunnerWorker.java:95)
at org.testng.TestNG.runSuitesSequentially(TestNG.java:1274)
at org.testng.TestNG.runSuitesLocally(TestNG.java:1208)
at org.testng.TestNG.runSuites(TestNG.java:1112)
at org.testng.TestNG.run(TestNG.java:1079)
at org.apache.maven.surefire.testng.TestNGExecutor.run(TestNGExecutor.java:308)
at org.apache.maven.surefire.testng.TestNGXmlTestSuite.execute(TestNGXmlTestSuite.java:71)
at org.apache.maven.surefire.testng.TestNGProvider.invoke(TestNGProvider.java:113)
at org.apache.maven.surefire.booter.ForkedBooter.runSuitesInProcess(ForkedBooter.java:385)
at org.apache.maven.surefire.booter.ForkedBooter.execute(ForkedBooter.java:162)
at org.apache.maven.surefire.booter.ForkedBooter.run(ForkedBooter.java:507)
at org.apache.maven.surefire.booter.ForkedBooter.main(ForkedBooter.java:495)
]]>
            </full-stacktrace>
          </exception> <!-- org.testng.SkipException -->
          <reporter-output>
          </reporter-output>
        </test-method> <!-- loginUserWithCorrectEmailAndPassword -->
        <test-method is-config="true" signature="closeBrowser()[pri:0, instance:com.companyname.projectname.modulename.testcases.LoginUserWithCorrectEmailAndPassword@595b007d]" started-at="2025-04-09T22:17:24 IST" name="closeBrowser" finished-at="2025-04-09T22:17:24 IST" duration-ms="0" status="SKIP">
          <reporter-output>
          </reporter-output>
        </test-method> <!-- closeBrowser -->
      </class> <!-- com.companyname.projectname.modulename.testcases.LoginUserWithCorrectEmailAndPassword -->
      <class name="com.companyname.projectname.modulename.testcases.LoginUserWithCorrectEmailAndPassword2">
        <test-method is-config="true" signature="beforeTestCase()[pri:0, instance:com.companyname.projectname.modulename.testcases.LoginUserWithCorrectEmailAndPassword2@72d1ad2e]" started-at="2025-04-09T22:17:24 IST" name="beforeTestCase" finished-at="2025-04-09T22:17:24 IST" duration-ms="0" status="PASS">
          <reporter-output>
          </reporter-output>
        </test-method> <!-- beforeTestCase -->
        <test-method is-config="true" signature="launchBrowser()[pri:0, instance:com.companyname.projectname.modulename.testcases.LoginUserWithCorrectEmailAndPassword2@72d1ad2e]" started-at="2025-04-09T22:17:24 IST" name="launchBrowser" finished-at="2025-04-09T22:17:32 IST" duration-ms="7637" status="PASS">
          <reporter-output>
          </reporter-output>
        </test-method> <!-- launchBrowser -->
        <test-method signature="loginUserWithCorrectEmailAndPassword2(java.util.Hashtable)[pri:0, instance:com.companyname.projectname.modulename.testcases.LoginUserWithCorrectEmailAndPassword2@72d1ad2e]" started-at="2025-04-09T22:17:32 IST" name="loginUserWithCorrectEmailAndPassword2" data-provider="dataCollection" finished-at="2025-04-09T22:17:37 IST" duration-ms="4946" status="PASS">
          <params>
            <param index="0">
              <value>
                <![CDATA[{Accnt_Page_Text=Logged in as BYMAT_Automation, Day=NA, Password=password@2024, Page_Title=Automation Exercise, Month=Na, Last_Name=Ketul_LN, Test_Case_Name=LoginUserWithCorrectEmailAndPassword2, Mobile_No=, UserName=Ketul_UsrName, Page_Text=ENTER ACCOUNT INFORMATION, Sign_up_Text=Login to your account, First_Name =NA, Year=NA, Company=NA, First_Name=Ketul, Address=NA, Email=bymatAutomation@gmail.com, Last_name=NA, =}]]>
              </value>
            </param>
          </params>
          <reporter-output>
          </reporter-output>
        </test-method> <!-- loginUserWithCorrectEmailAndPassword2 -->
        <test-method is-config="true" signature="closeBrowser()[pri:0, instance:com.companyname.projectname.modulename.testcases.LoginUserWithCorrectEmailAndPassword2@72d1ad2e]" started-at="2025-04-09T22:17:37 IST" name="closeBrowser" finished-at="2025-04-09T22:17:42 IST" duration-ms="5776" status="PASS">
          <reporter-output>
          </reporter-output>
        </test-method> <!-- closeBrowser -->
      </class> <!-- com.companyname.projectname.modulename.testcases.LoginUserWithCorrectEmailAndPassword2 -->
      <class name="com.companyname.projectname.modulename.testcases.RegisterUserWithPOMDP">
        <test-method is-config="true" signature="beforeTestCase()[pri:0, instance:com.companyname.projectname.modulename.testcases.RegisterUserWithPOMDP@5158b42f]" started-at="2025-04-09T22:16:54 IST" name="beforeTestCase" finished-at="2025-04-09T22:16:54 IST" duration-ms="0" status="PASS">
          <reporter-output>
          </reporter-output>
        </test-method> <!-- beforeTestCase -->
        <test-method is-config="true" signature="launchBrowser()[pri:0, instance:com.companyname.projectname.modulename.testcases.RegisterUserWithPOMDP@5158b42f]" started-at="2025-04-09T22:16:54 IST" name="launchBrowser" finished-at="2025-04-09T22:17:08 IST" duration-ms="13616" status="PASS">
          <reporter-output>
          </reporter-output>
        </test-method> <!-- launchBrowser -->
        <test-method signature="registerUserWithPOM(java.util.Hashtable)[pri:0, instance:com.companyname.projectname.modulename.testcases.RegisterUserWithPOMDP@5158b42f]" started-at="2025-04-09T22:17:08 IST" name="registerUserWithPOM" data-provider="dataCollection" finished-at="2025-04-09T22:17:18 IST" duration-ms="10515" status="PASS">
          <params>
            <param index="0">
              <value>
                <![CDATA[{Accnt_Page_Text=NA, Day=10, Password=Harshal_Password, Page_Title=Automation Exercise, Month=May, Last_Name=Harshal_LN, Test_Case_Name=RegisterUserWithPOMDP, Mobile_No=9850123456, UserName=BYMAT, Page_Text=ENTER ACCOUNT INFORMATION, Sign_up_Text=New User Signup!, First_Name =Automation, Year=1990, Company=BYMAT, First_Name=Harshal, Address=Pune, Email=training@bymatautomation.com, Last_name=BYMAT, =}]]>
              </value>
            </param>
          </params>
          <reporter-output>
          </reporter-output>
        </test-method> <!-- registerUserWithPOM -->
        <test-method is-config="true" signature="closeBrowser()[pri:0, instance:com.companyname.projectname.modulename.testcases.RegisterUserWithPOMDP@5158b42f]" started-at="2025-04-09T22:17:18 IST" name="closeBrowser" finished-at="2025-04-09T22:17:24 IST" duration-ms="5704" status="PASS">
          <reporter-output>
          </reporter-output>
        </test-method> <!-- closeBrowser -->
      </class> <!-- com.companyname.projectname.modulename.testcases.RegisterUserWithPOMDP -->
      <class name="com.companyname.projectname.modulename.testcases.LoginUserWithIncorrectEmailAndPassword">
        <test-method is-config="true" signature="beforeTestCase()[pri:0, instance:com.companyname.projectname.modulename.testcases.LoginUserWithIncorrectEmailAndPassword@2d7275fc]" started-at="2025-04-09T22:17:42 IST" name="beforeTestCase" finished-at="2025-04-09T22:17:42 IST" duration-ms="0" status="SKIP">
          <exception class="org.testng.SkipException">
            <message>
              <![CDATA[Skipping Test case as it's RunMode is set to No]]>
            </message>
            <full-stacktrace>
              <![CDATA[org.testng.SkipException: Skipping Test case as it's RunMode is set to No
at com.companyname.projectname.modulename.testcases.LoginUserWithIncorrectEmailAndPassword.beforeTestCase(LoginUserWithIncorrectEmailAndPassword.java:19)
at java.base/jdk.internal.reflect.NativeMethodAccessorImpl.invoke0(Native Method)
at java.base/jdk.internal.reflect.NativeMethodAccessorImpl.invoke(NativeMethodAccessorImpl.java:77)
at java.base/jdk.internal.reflect.DelegatingMethodAccessorImpl.invoke(DelegatingMethodAccessorImpl.java:43)
at java.base/java.lang.reflect.Method.invoke(Method.java:568)
at org.testng.internal.invokers.MethodInvocationHelper.invokeMethod(MethodInvocationHelper.java:141)
at org.testng.internal.invokers.MethodInvocationHelper.invokeMethodConsideringTimeout(MethodInvocationHelper.java:71)
at org.testng.internal.invokers.ConfigInvoker.invokeConfigurationMethod(ConfigInvoker.java:400)
at org.testng.internal.invokers.ConfigInvoker.invokeConfigurations(ConfigInvoker.java:333)
at org.testng.internal.invokers.TestMethodWorker.invokeBeforeClassMethods(TestMethodWorker.java:188)
at org.testng.internal.invokers.TestMethodWorker.run(TestMethodWorker.java:128)
at java.base/java.util.ArrayList.forEach(ArrayList.java:1511)
at org.testng.TestRunner.privateRun(TestRunner.java:739)
at org.testng.TestRunner.run(TestRunner.java:614)
at org.testng.SuiteRunner.runTest(SuiteRunner.java:421)
at org.testng.SuiteRunner.runSequentially(SuiteRunner.java:413)
at org.testng.SuiteRunner.privateRun(SuiteRunner.java:373)
at org.testng.SuiteRunner.run(SuiteRunner.java:312)
at org.testng.SuiteRunnerWorker.runSuite(SuiteRunnerWorker.java:52)
at org.testng.SuiteRunnerWorker.run(SuiteRunnerWorker.java:95)
at org.testng.TestNG.runSuitesSequentially(TestNG.java:1274)
at org.testng.TestNG.runSuitesLocally(TestNG.java:1208)
at org.testng.TestNG.runSuites(TestNG.java:1112)
at org.testng.TestNG.run(TestNG.java:1079)
at org.apache.maven.surefire.testng.TestNGExecutor.run(TestNGExecutor.java:308)
at org.apache.maven.surefire.testng.TestNGXmlTestSuite.execute(TestNGXmlTestSuite.java:71)
at org.apache.maven.surefire.testng.TestNGProvider.invoke(TestNGProvider.java:113)
at org.apache.maven.surefire.booter.ForkedBooter.runSuitesInProcess(ForkedBooter.java:385)
at org.apache.maven.surefire.booter.ForkedBooter.execute(ForkedBooter.java:162)
at org.apache.maven.surefire.booter.ForkedBooter.run(ForkedBooter.java:507)
at org.apache.maven.surefire.booter.ForkedBooter.main(ForkedBooter.java:495)
]]>
            </full-stacktrace>
          </exception> <!-- org.testng.SkipException -->
          <reporter-output>
          </reporter-output>
        </test-method> <!-- beforeTestCase -->
        <test-method is-config="true" signature="launchBrowser()[pri:0, instance:com.companyname.projectname.modulename.testcases.LoginUserWithIncorrectEmailAndPassword@2d7275fc]" started-at="2025-04-09T22:17:42 IST" name="launchBrowser" finished-at="2025-04-09T22:17:42 IST" duration-ms="0" status="SKIP">
          <reporter-output>
          </reporter-output>
        </test-method> <!-- launchBrowser -->
        <test-method signature="loginUserWithIncorrectEmailAndPassword()[pri:0, instance:com.companyname.projectname.modulename.testcases.LoginUserWithIncorrectEmailAndPassword@2d7275fc]" started-at="2025-04-09T22:17:42 IST" name="loginUserWithIncorrectEmailAndPassword" finished-at="2025-04-09T22:17:42 IST" duration-ms="1" status="SKIP">
          <exception class="org.testng.SkipException">
            <message>
              <![CDATA[Skipping Test case as it's RunMode is set to No]]>
            </message>
            <full-stacktrace>
              <![CDATA[org.testng.SkipException: Skipping Test case as it's RunMode is set to No
at com.companyname.projectname.modulename.testcases.LoginUserWithIncorrectEmailAndPassword.beforeTestCase(LoginUserWithIncorrectEmailAndPassword.java:19)
at java.base/jdk.internal.reflect.NativeMethodAccessorImpl.invoke0(Native Method)
at java.base/jdk.internal.reflect.NativeMethodAccessorImpl.invoke(NativeMethodAccessorImpl.java:77)
at java.base/jdk.internal.reflect.DelegatingMethodAccessorImpl.invoke(DelegatingMethodAccessorImpl.java:43)
at java.base/java.lang.reflect.Method.invoke(Method.java:568)
at org.testng.internal.invokers.MethodInvocationHelper.invokeMethod(MethodInvocationHelper.java:141)
at org.testng.internal.invokers.MethodInvocationHelper.invokeMethodConsideringTimeout(MethodInvocationHelper.java:71)
at org.testng.internal.invokers.ConfigInvoker.invokeConfigurationMethod(ConfigInvoker.java:400)
at org.testng.internal.invokers.ConfigInvoker.invokeConfigurations(ConfigInvoker.java:333)
at org.testng.internal.invokers.TestMethodWorker.invokeBeforeClassMethods(TestMethodWorker.java:188)
at org.testng.internal.invokers.TestMethodWorker.run(TestMethodWorker.java:128)
at java.base/java.util.ArrayList.forEach(ArrayList.java:1511)
at org.testng.TestRunner.privateRun(TestRunner.java:739)
at org.testng.TestRunner.run(TestRunner.java:614)
at org.testng.SuiteRunner.runTest(SuiteRunner.java:421)
at org.testng.SuiteRunner.runSequentially(SuiteRunner.java:413)
at org.testng.SuiteRunner.privateRun(SuiteRunner.java:373)
at org.testng.SuiteRunner.run(SuiteRunner.java:312)
at org.testng.SuiteRunnerWorker.runSuite(SuiteRunnerWorker.java:52)
at org.testng.SuiteRunnerWorker.run(SuiteRunnerWorker.java:95)
at org.testng.TestNG.runSuitesSequentially(TestNG.java:1274)
at org.testng.TestNG.runSuitesLocally(TestNG.java:1208)
at org.testng.TestNG.runSuites(TestNG.java:1112)
at org.testng.TestNG.run(TestNG.java:1079)
at org.apache.maven.surefire.testng.TestNGExecutor.run(TestNGExecutor.java:308)
at org.apache.maven.surefire.testng.TestNGXmlTestSuite.execute(TestNGXmlTestSuite.java:71)
at org.apache.maven.surefire.testng.TestNGProvider.invoke(TestNGProvider.java:113)
at org.apache.maven.surefire.booter.ForkedBooter.runSuitesInProcess(ForkedBooter.java:385)
at org.apache.maven.surefire.booter.ForkedBooter.execute(ForkedBooter.java:162)
at org.apache.maven.surefire.booter.ForkedBooter.run(ForkedBooter.java:507)
at org.apache.maven.surefire.booter.ForkedBooter.main(ForkedBooter.java:495)
]]>
            </full-stacktrace>
          </exception> <!-- org.testng.SkipException -->
          <reporter-output>
          </reporter-output>
        </test-method> <!-- loginUserWithIncorrectEmailAndPassword -->
        <test-method is-config="true" signature="closeBrowser()[pri:0, instance:com.companyname.projectname.modulename.testcases.LoginUserWithIncorrectEmailAndPassword@2d7275fc]" started-at="2025-04-09T22:17:42 IST" name="closeBrowser" finished-at="2025-04-09T22:17:42 IST" duration-ms="0" status="SKIP">
          <reporter-output>
          </reporter-output>
        </test-method> <!-- closeBrowser -->
      </class> <!-- com.companyname.projectname.modulename.testcases.LoginUserWithIncorrectEmailAndPassword -->
      <class name="com.companyname.projectname.modulename.testcases.RegisterUser">
        <test-method is-config="true" signature="intialSetUp()[pri:0, instance:com.companyname.projectname.modulename.testcases.RegisterUser@245b4bdc]" started-at="2025-04-09T22:16:23 IST" name="intialSetUp" finished-at="2025-04-09T22:16:26 IST" duration-ms="2616" status="PASS">
          <reporter-output>
          </reporter-output>
        </test-method> <!-- intialSetUp -->
        <test-method is-config="true" signature="beforeTestCase()[pri:0, instance:com.companyname.projectname.modulename.testcases.RegisterUser@245b4bdc]" started-at="2025-04-09T22:16:26 IST" name="beforeTestCase" finished-at="2025-04-09T22:16:26 IST" duration-ms="1" status="PASS">
          <reporter-output>
          </reporter-output>
        </test-method> <!-- beforeTestCase -->
        <test-method is-config="true" signature="launchBrowser()[pri:0, instance:com.companyname.projectname.modulename.testcases.RegisterUser@245b4bdc]" started-at="2025-04-09T22:16:26 IST" name="launchBrowser" finished-at="2025-04-09T22:16:41 IST" duration-ms="14717" status="PASS">
          <reporter-output>
          </reporter-output>
        </test-method> <!-- launchBrowser -->
        <test-method signature="registerUser(java.util.Hashtable)[pri:0, instance:com.companyname.projectname.modulename.testcases.RegisterUser@245b4bdc]" started-at="2025-04-09T22:16:41 IST" name="registerUser" data-provider="dataCollection" finished-at="2025-04-09T22:16:48 IST" duration-ms="6765" status="PASS">
          <params>
            <param index="0">
              <value>
                <![CDATA[{Accnt_Page_Text=NA, Day=10, Password=Harshal_Password, Page_Title=Automation Exercise, Month=May, Last_Name=Harshal_LN, Test_Case_Name=RegisterUser, Mobile_No=9850123456, UserName=BYMAT, Page_Text=ENTER ACCOUNT INFORMATION, Sign_up_Text=New User Signup!, First_Name =NA, Year=1990, Company=NA, First_Name=Harshal, Address=NA, Email=training@bymatautomation.com, Last_name=NA, =}]]>
              </value>
            </param>
          </params>
          <reporter-output>
          </reporter-output>
        </test-method> <!-- registerUser -->
        <test-method is-config="true" signature="closeBrowser()[pri:0, instance:com.companyname.projectname.modulename.testcases.RegisterUser@245b4bdc]" started-at="2025-04-09T22:16:48 IST" name="closeBrowser" finished-at="2025-04-09T22:16:54 IST" duration-ms="6344" status="PASS">
          <reporter-output>
          </reporter-output>
        </test-method> <!-- closeBrowser -->
      </class> <!-- com.companyname.projectname.modulename.testcases.RegisterUser -->
    </test> <!-- Test -->
  </suite> <!-- Suite -->
</testng-results>
